<?xml version="1.0" encoding="UTF-8"?>
<testsuite xmlns:xsi="http://www.w3.org/2001/XMLSchema-instance" xsi:noNamespaceSchemaLocation="https://maven.apache.org/surefire/maven-surefire-plugin/xsd/surefire-test-report-3.0.xsd" version="3.0" name="utills.LogHandlerTest" time="0.137" tests="4" errors="2" skipped="0" failures="0">
  <properties>
    <property name="java.specification.version" value="24"/>
    <property name="sun.cpu.isalist" value="amd64"/>
    <property name="sun.jnu.encoding" value="Cp1252"/>
    <property name="java.class.path" value="C:\Users\Raphael\Documents\Java\EmailSystem\target\test-classes;C:\Users\Raphael\Documents\Java\EmailSystem\target\classes;C:\Users\Raphael\.m2\repository\com\google\code\gson\gson\2.10.1\gson-2.10.1.jar;C:\Users\Raphael\.m2\repository\org\junit\jupiter\junit-jupiter\5.10.0\junit-jupiter-5.10.0.jar;C:\Users\Raphael\.m2\repository\org\junit\jupiter\junit-jupiter-api\5.10.0\junit-jupiter-api-5.10.0.jar;C:\Users\Raphael\.m2\repository\org\opentest4j\opentest4j\1.3.0\opentest4j-1.3.0.jar;C:\Users\Raphael\.m2\repository\org\junit\platform\junit-platform-commons\1.10.0\junit-platform-commons-1.10.0.jar;C:\Users\Raphael\.m2\repository\org\apiguardian\apiguardian-api\1.1.2\apiguardian-api-1.1.2.jar;C:\Users\Raphael\.m2\repository\org\junit\jupiter\junit-jupiter-params\5.10.0\junit-jupiter-params-5.10.0.jar;C:\Users\Raphael\.m2\repository\org\junit\jupiter\junit-jupiter-engine\5.10.0\junit-jupiter-engine-5.10.0.jar;C:\Users\Raphael\.m2\repository\org\junit\platform\junit-platform-engine\1.10.0\junit-platform-engine-1.10.0.jar;"/>
    <property name="java.vm.vendor" value="Oracle Corporation"/>
    <property name="sun.arch.data.model" value="64"/>
    <property name="user.variant" value=""/>
    <property name="java.vendor.url" value="https://java.oracle.com/"/>
    <property name="user.timezone" value="Europe/Brussels"/>
    <property name="user.country.format" value="BE"/>
    <property name="os.name" value="Windows 11"/>
    <property name="java.vm.specification.version" value="24"/>
    <property name="sun.java.launcher" value="SUN_STANDARD"/>
    <property name="user.country" value="GB"/>
    <property name="sun.boot.library.path" value="C:\Program Files\Java\jdk-24\bin"/>
    <property name="sun.java.command" value="C:\Users\Raphael\AppData\Local\Temp\surefire12441632082067231269\surefirebooter-20250418205717004_3.jar C:\Users\Raphael\AppData\Local\Temp\surefire12441632082067231269 2025-04-18T20-57-16_692-jvmRun1 surefire-20250418205717004_1tmp surefire_0-20250418205717004_2tmp"/>
    <property name="jdk.debug" value="release"/>
    <property name="surefire.test.class.path" value="C:\Users\Raphael\Documents\Java\EmailSystem\target\test-classes;C:\Users\Raphael\Documents\Java\EmailSystem\target\classes;C:\Users\Raphael\.m2\repository\com\google\code\gson\gson\2.10.1\gson-2.10.1.jar;C:\Users\Raphael\.m2\repository\org\junit\jupiter\junit-jupiter\5.10.0\junit-jupiter-5.10.0.jar;C:\Users\Raphael\.m2\repository\org\junit\jupiter\junit-jupiter-api\5.10.0\junit-jupiter-api-5.10.0.jar;C:\Users\Raphael\.m2\repository\org\opentest4j\opentest4j\1.3.0\opentest4j-1.3.0.jar;C:\Users\Raphael\.m2\repository\org\junit\platform\junit-platform-commons\1.10.0\junit-platform-commons-1.10.0.jar;C:\Users\Raphael\.m2\repository\org\apiguardian\apiguardian-api\1.1.2\apiguardian-api-1.1.2.jar;C:\Users\Raphael\.m2\repository\org\junit\jupiter\junit-jupiter-params\5.10.0\junit-jupiter-params-5.10.0.jar;C:\Users\Raphael\.m2\repository\org\junit\jupiter\junit-jupiter-engine\5.10.0\junit-jupiter-engine-5.10.0.jar;C:\Users\Raphael\.m2\repository\org\junit\platform\junit-platform-engine\1.10.0\junit-platform-engine-1.10.0.jar;"/>
    <property name="sun.cpu.endian" value="little"/>
    <property name="user.home" value="C:\Users\Raphael"/>
    <property name="user.language" value="en"/>
    <property name="java.specification.vendor" value="Oracle Corporation"/>
    <property name="java.version.date" value="2025-03-18"/>
    <property name="java.home" value="C:\Program Files\Java\jdk-24"/>
    <property name="file.separator" value="\"/>
    <property name="basedir" value="C:\Users\Raphael\Documents\Java\EmailSystem"/>
    <property name="java.vm.compressedOopsMode" value="Zero based"/>
    <property name="line.separator" value="&#10;"/>
    <property name="java.vm.specification.vendor" value="Oracle Corporation"/>
    <property name="java.specification.name" value="Java Platform API Specification"/>
    <property name="surefire.real.class.path" value="C:\Users\Raphael\AppData\Local\Temp\surefire12441632082067231269\surefirebooter-20250418205717004_3.jar"/>
    <property name="user.script" value=""/>
    <property name="sun.management.compiler" value="HotSpot 64-Bit Tiered Compilers"/>
    <property name="java.runtime.version" value="24+36-3646"/>
    <property name="user.name" value="Raphael"/>
    <property name="stdout.encoding" value="Cp1252"/>
    <property name="path.separator" value=";"/>
    <property name="os.version" value="10.0"/>
    <property name="java.runtime.name" value="Java(TM) SE Runtime Environment"/>
    <property name="file.encoding" value="UTF-8"/>
    <property name="java.vm.name" value="Java HotSpot(TM) 64-Bit Server VM"/>
    <property name="localRepository" value="C:\Users\Raphael\.m2\repository"/>
    <property name="java.vendor.url.bug" value="https://bugreport.java.com/bugreport/"/>
    <property name="java.io.tmpdir" value="C:\Users\Raphael\AppData\Local\Temp\"/>
    <property name="java.version" value="24"/>
    <property name="user.dir" value="C:\Users\Raphael\Documents\Java\EmailSystem"/>
    <property name="os.arch" value="amd64"/>
    <property name="java.vm.specification.name" value="Java Virtual Machine Specification"/>
    <property name="sun.os.patch.level" value=""/>
    <property name="native.encoding" value="Cp1252"/>
    <property name="java.library.path" value="C:\Program Files\Java\jdk-24\bin;C:\WINDOWS\Sun\Java\bin;C:\WINDOWS\system32;C:\WINDOWS;C:\Program Files\Common Files\Oracle\Java\javapath;C:\WINDOWS\system32;C:\WINDOWS;C:\WINDOWS\System32\Wbem;C:\WINDOWS\System32\WindowsPowerShell\v1.0\;C:\WINDOWS\System32\OpenSSH\;C:\Program Files (x86)\NVIDIA Corporation\PhysX\Common;C:\Program Files\dotnet\;C:\Program Files\Wolfram Research\WolframScript\;C:\Program Files\NVIDIA Corporation\NVIDIA App\NvDLISR;C:\Gradle\gradle-8.13\bin;C:\ProgramData\chocolatey\bin;C:\ProgramData\chocolatey\lib\maven\apache-maven-3.9.9\bin;C:\ProgramData\chocolatey\lib\maven\tools\apache-maven-3.9.9\bin;C:\Program Files\Git\cmd;C:\Users\Raphael\AppData\Local\Programs\Python\Python313\Scripts\;C:\Users\Raphael\AppData\Local\Programs\Python\Python313\;C:\Users\Raphael\AppData\Local\Microsoft\WindowsApps;C:\Users\Raphael\AppData\Local\Programs\Microsoft VS Code\bin;."/>
    <property name="java.vm.info" value="mixed mode, sharing"/>
    <property name="stderr.encoding" value="Cp1252"/>
    <property name="java.vendor" value="Oracle Corporation"/>
    <property name="java.vm.version" value="24+36-3646"/>
    <property name="sun.io.unicode.encoding" value="UnicodeLittle"/>
    <property name="java.class.version" value="68.0"/>
  </properties>
  <testcase name="testLogAndPrintOutputsCorrectly" classname="utills.LogHandlerTest" time="0.115">
    <system-out><![CDATA[[2025-04-18 20:57:17] Visible log entry
]]></system-out>
  </testcase>
  <testcase name="testShutdownCleansUpExecutor" classname="utills.LogHandlerTest" time="0.005"/>
  <testcase name="testLogWritesToFile" classname="utills.LogHandlerTest" time="0.006">
    <error message="Task java.util.concurrent.FutureTask@e7edb54[Not completed, task = java.util.concurrent.Executors$RunnableAdapter@2e55dd0c[Wrapped task = utills.LogHandler$$Lambda/0x000001ef810d3a00@74455848]] rejected from java.util.concurrent.ThreadPoolExecutor@19d481b[Terminated, pool size = 0, active threads = 0, queued tasks = 0, completed tasks = 2]" type="java.util.concurrent.RejectedExecutionException"><![CDATA[java.util.concurrent.RejectedExecutionException: Task java.util.concurrent.FutureTask@e7edb54[Not completed, task = java.util.concurrent.Executors$RunnableAdapter@2e55dd0c[Wrapped task = utills.LogHandler$$Lambda/0x000001ef810d3a00@74455848]] rejected from java.util.concurrent.ThreadPoolExecutor@19d481b[Terminated, pool size = 0, active threads = 0, queued tasks = 0, completed tasks = 2]
	at java.base/java.util.concurrent.ThreadPoolExecutor$AbortPolicy.rejectedExecution(ThreadPoolExecutor.java:2027)
	at java.base/java.util.concurrent.ThreadPoolExecutor.reject(ThreadPoolExecutor.java:792)
	at java.base/java.util.concurrent.ThreadPoolExecutor.execute(ThreadPoolExecutor.java:1328)
	at java.base/java.util.concurrent.AbstractExecutorService.submit(AbstractExecutorService.java:124)
	at java.base/java.util.concurrent.Executors$DelegatedExecutorService.submit(Executors.java:700)
	at utills.LogHandler.log(LogHandler.java:29)
	at utills.LogHandlerTest.testLogWritesToFile(LogHandlerTest.java:28)
	at java.base/java.lang.reflect.Method.invoke(Method.java:565)
	at java.base/java.util.ArrayList.forEach(ArrayList.java:1604)
	at java.base/java.util.ArrayList.forEach(ArrayList.java:1604)
]]></error>
  </testcase>
  <testcase name="" classname="utills.LogHandlerTest" time="0.137">
    <error message="Task java.util.concurrent.FutureTask@a2431d0[Not completed, task = java.util.concurrent.Executors$RunnableAdapter@34f5090e[Wrapped task = utills.LogHandler$$Lambda/0x000001ef810d3a00@31e5415e]] rejected from java.util.concurrent.ThreadPoolExecutor@19d481b[Terminated, pool size = 0, active threads = 0, queued tasks = 0, completed tasks = 2]" type="java.util.concurrent.RejectedExecutionException"><![CDATA[java.util.concurrent.RejectedExecutionException: Task java.util.concurrent.FutureTask@a2431d0[Not completed, task = java.util.concurrent.Executors$RunnableAdapter@34f5090e[Wrapped task = utills.LogHandler$$Lambda/0x000001ef810d3a00@31e5415e]] rejected from java.util.concurrent.ThreadPoolExecutor@19d481b[Terminated, pool size = 0, active threads = 0, queued tasks = 0, completed tasks = 2]
	at java.base/java.util.concurrent.ThreadPoolExecutor$AbortPolicy.rejectedExecution(ThreadPoolExecutor.java:2027)
	at java.base/java.util.concurrent.ThreadPoolExecutor.reject(ThreadPoolExecutor.java:792)
	at java.base/java.util.concurrent.ThreadPoolExecutor.execute(ThreadPoolExecutor.java:1328)
	at java.base/java.util.concurrent.AbstractExecutorService.submit(AbstractExecutorService.java:124)
	at java.base/java.util.concurrent.Executors$DelegatedExecutorService.submit(Executors.java:700)
	at utills.LogHandler.log(LogHandler.java:29)
	at utills.LogHandler.shutdown(LogHandler.java:46)
	at utills.LogHandlerTest.shutdownLogger(LogHandlerTest.java:23)
	at java.base/java.lang.reflect.Method.invoke(Method.java:565)
	at java.base/java.util.ArrayList.forEach(ArrayList.java:1604)
	at java.base/java.util.Collections$UnmodifiableCollection.forEach(Collections.java:1117)
	at java.base/java.util.ArrayList.forEach(ArrayList.java:1604)
]]></error>
  </testcase>
</testsuite>